<?xml version="1.0" encoding="UTF-8" ?>
<testsuite tests="43" failures="2" name="CucumberTest" time="0.066" errors="0" skipped="0">
  <properties>
    <property name="java.runtime.name" value="Java(TM) SE Runtime Environment"/>
    <property name="sun.boot.library.path" value="C:\Program Files\Java\jdk1.8.0_131\jre\bin"/>
    <property name="java.vm.version" value="25.131-b11"/>
    <property name="user.country.format" value="FR"/>
    <property name="java.vm.vendor" value="Oracle Corporation"/>
    <property name="maven.multiModuleProjectDirectory" value="C:\Users\GOger\Desktop\Cours\code quality\Tests unitaires\test - Copie"/>
    <property name="java.vendor.url" value="http://java.oracle.com/"/>
    <property name="path.separator" value=";"/>
    <property name="guice.disable.misplaced.annotation.check" value="true"/>
    <property name="java.vm.name" value="Java HotSpot(TM) 64-Bit Server VM"/>
    <property name="file.encoding.pkg" value="sun.io"/>
    <property name="user.script" value=""/>
    <property name="user.country" value="US"/>
    <property name="sun.java.launcher" value="SUN_STANDARD"/>
    <property name="sun.os.patch.level" value=""/>
    <property name="java.vm.specification.name" value="Java Virtual Machine Specification"/>
    <property name="user.dir" value="C:\Users\GOger\Desktop\Cours\code quality\Tests unitaires\test - Copie"/>
    <property name="java.runtime.version" value="1.8.0_131-b11"/>
    <property name="java.awt.graphicsenv" value="sun.awt.Win32GraphicsEnvironment"/>
    <property name="java.endorsed.dirs" value="C:\Program Files\Java\jdk1.8.0_131\jre\lib\endorsed"/>
    <property name="os.arch" value="amd64"/>
    <property name="java.io.tmpdir" value="C:\Users\GOger\AppData\Local\Temp\"/>
    <property name="line.separator" value="
"/>
    <property name="java.vm.specification.vendor" value="Oracle Corporation"/>
    <property name="user.variant" value=""/>
    <property name="os.name" value="Windows 10"/>
    <property name="classworlds.conf" value="C:\Users\GOger\Desktop\apache-maven-3.6.2\bin\..\bin\m2.conf"/>
    <property name="sun.jnu.encoding" value="Cp1252"/>
    <property name="java.library.path" value="C:\Program Files\Java\jdk1.8.0_131\bin;C:\WINDOWS\Sun\Java\bin;C:\WINDOWS\system32;C:\WINDOWS;C:\ProgramData\DockerDesktop\version-bin;C:\Program Files\Docker\Docker\Resources\bin;C:\Program Files (x86)\Common Files\Oracle\Java\javapath;C:\app\GOger\product\18.0.0\dbhomeXE\bin;C:\ProgramData\Oracle\Java\javapath;C:\WINDOWS\system32;C:\WINDOWS;C:\WINDOWS\System32\Wbem;C:\WINDOWS\System32\WindowsPowerShell\v1.0\;C:\Program Files (x86)\Skype\Phone\;C:\Program Files\Microsoft SQL Server\130\Tools\Binn\;C:\Program Files\dotnet\;C:\Program Files\Microsoft SQL Server\Client SDK\ODBC\110\Tools\Binn\;C:\Program Files (x86)\Microsoft SQL Server\120\Tools\Binn\;C:\Program Files\Microsoft SQL Server\120\Tools\Binn\;C:\Program Files\Microsoft SQL Server\120\DTS\Binn\;C:\Program Files (x86)\Microsoft SQL Server\120\Tools\Binn\ManagementStudio\;C:\Program Files (x86)\Microsoft SQL Server\120\DTS\Binn\;C:\Program Files\PuTTY\;C:\Program Files\MySQL\MySQL Utilities 1.6\;C:\Program Files\MySQL\MySQL Server 5.7\bin;C:\WINDOWS\System32\OpenSSH\;C:\Program Files\nodejs\;C:\Program Files\Microsoft VS Code\bin;C:\Program Files (x86)\Intel\Intel(R) Management Engine Components\DAL;C:\Program Files\Intel\Intel(R) Management Engine Components\DAL;C:\Program Files\Git\cmd;C:\Program Files\Intel\WiFi\bin\;C:\Program Files\Common Files\Intel\WirelessCommon\;C:\Program Files\Git\bin;C:\Users\GOger\Desktop\apache-maven-3.6.2\bin;C:\Program Files (x86)\Yarn\bin\;C:\Program Files\PostgreSQL\9.6\bin;C:\Program Files\PostgreSQL\9.6\lib;C:\Users\GOger\AppData\Local\Programs\Python\Python36\Scripts\;C:\Users\GOger\AppData\Local\Programs\Python\Python36\;C:\Users\GOger\AppData\Local\Microsoft\WindowsApps;C:\Program Files\Microsoft VS Code\bin;C:\Program Files\Java\jdk1.8.0_131\bin;C:\Program Files\MongoDB\Server\3.4\bin;C:\Users\GOger\AppData\Local\GitHubDesktop\bin;C:\Program Files\JetBrains\PhpStorm 2018.3.5\bin;;C:\Program Files\JetBrains\IntelliJ IDEA Community Edition 2019.1.3\bin;;C:\Users\GOger\AppData\Roaming\npm;C:\Users\GOger\Desktop\Cours\selenium\geckodriver.exe;;C:\Users\GOger\AppData\Local\Microsoft\WindowsApps;C:\Users\GOger\AppData\Local\Yarn\bin;."/>
    <property name="maven.conf" value="C:\Users\GOger\Desktop\apache-maven-3.6.2\bin\../conf"/>
    <property name="java.specification.name" value="Java Platform API Specification"/>
    <property name="java.class.version" value="52.0"/>
    <property name="sun.management.compiler" value="HotSpot 64-Bit Tiered Compilers"/>
    <property name="os.version" value="10.0"/>
    <property name="library.jansi.path" value="C:\Users\GOger\Desktop\apache-maven-3.6.2\bin\..\lib\jansi-native"/>
    <property name="user.home" value="C:\Users\GOger"/>
    <property name="user.timezone" value="Europe/Berlin"/>
    <property name="java.awt.printerjob" value="sun.awt.windows.WPrinterJob"/>
    <property name="java.specification.version" value="1.8"/>
    <property name="file.encoding" value="Cp1252"/>
    <property name="user.name" value="GOger"/>
    <property name="java.class.path" value="C:\Users\GOger\Desktop\apache-maven-3.6.2\bin\..\boot\plexus-classworlds-2.6.0.jar"/>
    <property name="java.vm.specification.version" value="1.8"/>
    <property name="sun.arch.data.model" value="64"/>
    <property name="java.home" value="C:\Program Files\Java\jdk1.8.0_131\jre"/>
    <property name="sun.java.command" value="org.codehaus.plexus.classworlds.launcher.Launcher clean test"/>
    <property name="java.specification.vendor" value="Oracle Corporation"/>
    <property name="user.language" value="en"/>
    <property name="user.language.format" value="fr"/>
    <property name="awt.toolkit" value="sun.awt.windows.WToolkit"/>
    <property name="java.vm.info" value="mixed mode"/>
    <property name="java.version" value="1.8.0_131"/>
    <property name="java.ext.dirs" value="C:\Program Files\Java\jdk1.8.0_131\jre\lib\ext;C:\WINDOWS\Sun\Java\lib\ext"/>
    <property name="sun.boot.class.path" value="C:\Program Files\Java\jdk1.8.0_131\jre\lib\resources.jar;C:\Program Files\Java\jdk1.8.0_131\jre\lib\rt.jar;C:\Program Files\Java\jdk1.8.0_131\jre\lib\sunrsasign.jar;C:\Program Files\Java\jdk1.8.0_131\jre\lib\jsse.jar;C:\Program Files\Java\jdk1.8.0_131\jre\lib\jce.jar;C:\Program Files\Java\jdk1.8.0_131\jre\lib\charsets.jar;C:\Program Files\Java\jdk1.8.0_131\jre\lib\jfr.jar;C:\Program Files\Java\jdk1.8.0_131\jre\classes"/>
    <property name="sun.stderr.encoding" value="cp850"/>
    <property name="java.vendor" value="Oracle Corporation"/>
    <property name="maven.home" value="C:\Users\GOger\Desktop\apache-maven-3.6.2\bin\.."/>
    <property name="file.separator" value="\"/>
    <property name="java.vendor.url.bug" value="http://bugreport.sun.com/bugreport/"/>
    <property name="sun.cpu.endian" value="little"/>
    <property name="sun.io.unicode.encoding" value="UnicodeLittle"/>
    <property name="sun.stdout.encoding" value="cp850"/>
    <property name="sun.desktop" value="windows"/>
    <property name="sun.cpu.isalist" value="amd64"/>
  </properties>
  <testcase classname="Weinberg - Myers Triangle" name="Irregular Triangle" time="0.012"/>
  <testcase classname="Weinberg - Myers Triangle" name="Irregular Triangle" time="0.001"/>
  <testcase classname="Weinberg - Myers Triangle" name="Irregular Triangle" time="0.001"/>
  <testcase classname="Weinberg - Myers Triangle" name="Irregular Triangle" time="0"/>
  <testcase classname="Weinberg - Myers Triangle" name="Isosceles Triangle" time="0.002"/>
  <testcase classname="Weinberg - Myers Triangle" name="Isosceles Triangle" time="0.001"/>
  <testcase classname="Weinberg - Myers Triangle" name="Isosceles Triangle" time="0.001"/>
  <testcase classname="Weinberg - Myers Triangle" name="Isosceles Triangle" time="0.005"/>
  <testcase classname="Weinberg - Myers Triangle" name="Isosceles Triangle" time="0"/>
  <testcase classname="Weinberg - Myers Triangle" name="Isosceles Triangle" time="0.001"/>
  <testcase classname="Weinberg - Myers Triangle" name="Isosceles Triangle" time="0.003"/>
  <testcase classname="Weinberg - Myers Triangle" name="Isosceles Triangle" time="0.003"/>
  <testcase classname="Weinberg - Myers Triangle" name="Rejected Triangle" time="0.001"/>
  <testcase classname="Weinberg - Myers Triangle" name="Rejected Triangle" time="0.001"/>
  <testcase classname="Weinberg - Myers Triangle" name="Rejected Triangle" time="0.005"/>
  <testcase classname="Weinberg - Myers Triangle" name="Rejected Triangle" time="0"/>
  <testcase classname="Weinberg - Myers Triangle" name="Non-existent Triangle" time="0.001"/>
  <testcase classname="Weinberg - Myers Triangle" name="Non-existent Triangle" time="0.001"/>
  <testcase classname="Weinberg - Myers Triangle" name="Non-existent Triangle" time="0"/>
  <testcase classname="Weinberg - Myers Triangle" name="Non-existent Triangle" time="0"/>
  <testcase classname="Weinberg - Myers Triangle" name="Invalid Format" time="0"/>
  <testcase classname="Weinberg - Myers Triangle" name="Invalid Format" time="0.001"/>
  <testcase classname="Weinberg - Myers Triangle" name="Invalid Format" time="0.002"/>
  <testcase classname="Weinberg - Myers Triangle" name="Invalid Format" time="0"/>
  <testcase classname="Weinberg - Myers Triangle" name="Invalid Format" time="0"/>
  <testcase classname="Weinberg - Myers Triangle" name="Invalid Format" time="0.012">
    <failure message="expected:&lt;[Invalid format, please enter lengths with format (a,b,c) or (a, b, c)]&gt; but was:&lt;[This triangle is isosceles: It has 2 equals sides.]&gt;" type="org.junit.ComparisonFailure">org.junit.ComparisonFailure: expected:&lt;[Invalid format, please enter lengths with format (a,b,c) or (a, b, c)]&gt; but was:&lt;[This triangle is isosceles: It has 2 equals sides.]&gt;
	at org.junit.Assert.assertEquals(Assert.java:115)
	at org.junit.Assert.assertEquals(Assert.java:144)
	at CucumberSteps.lambda$new$2(CucumberSteps.java:39)
	at ✽.I should be told &quot;Invalid format, please enter lengths with format (a,b,c) or (a, b, c)&quot;(file:src/test/resources/features/triangle.feature:89)
</failure>
  </testcase>
  <testcase classname="Weinberg - Myers Triangle" name="Invalid Format" time="0"/>
  <testcase classname="Weinberg - Myers Triangle" name="Invalid Format" time="0.001"/>
  <testcase classname="Weinberg - Myers Triangle" name="Invalid Format" time="0"/>
  <testcase classname="Weinberg - Myers Triangle" name="Invalid Format" time="0.001"/>
  <testcase classname="Weinberg - Myers Triangle" name="Invalid Format" time="0.002">
    <failure message="expected:&lt;[Invalid format, please enter lengths with format (a,b,c) or (a, b, c)]&gt; but was:&lt;[This triangle is isosceles: It has 2 equals sides.]&gt;" type="org.junit.ComparisonFailure">org.junit.ComparisonFailure: expected:&lt;[Invalid format, please enter lengths with format (a,b,c) or (a, b, c)]&gt; but was:&lt;[This triangle is isosceles: It has 2 equals sides.]&gt;
	at org.junit.Assert.assertEquals(Assert.java:115)
	at org.junit.Assert.assertEquals(Assert.java:144)
	at CucumberSteps.lambda$new$2(CucumberSteps.java:39)
	at ✽.I should be told &quot;Invalid format, please enter lengths with format (a,b,c) or (a, b, c)&quot;(file:src/test/resources/features/triangle.feature:89)
</failure>
  </testcase>
  <testcase classname="Weinberg - Myers Triangle" name="Invalid Format" time="0"/>
  <testcase classname="Weinberg - Myers Triangle" name="Invalid Format" time="0"/>
  <testcase classname="Weinberg - Myers Triangle" name="Invalid Format" time="0.001"/>
  <testcase classname="Weinberg - Myers Triangle" name="Invalid Format" time="0.001"/>
  <testcase classname="Weinberg - Myers Triangle" name="Invalid Format" time="0.002"/>
  <testcase classname="Weinberg - Myers Triangle" name="More or less than three lengths" time="0.001"/>
  <testcase classname="Weinberg - Myers Triangle" name="More or less than three lengths" time="0.001"/>
  <testcase classname="Weinberg - Myers Triangle" name="More or less than three lengths" time="0.001"/>
  <testcase classname="Weinberg - Myers Triangle" name="More or less than three lengths" time="0"/>
  <testcase classname="Weinberg - Myers Triangle" name="More or less than three lengths" time="0"/>
  <testcase classname="Weinberg - Myers Triangle" name="More or less than three lengths" time="0"/>
  <testcase classname="Weinberg - Myers Triangle" name="More or less than three lengths" time="0.001"/>
</testsuite>